0 info it worked if it ends with ok
1 verbose cli [ '/usr/bin/node', '/usr/bin/npm', 'install' ]
2 info using npm@1.4.28
3 info using node@v0.10.38
4 verbose node symlink /usr/bin/node
5 warn package.json songhop@1.0.0 No repository field.
6 warn package.json songhop@1.0.0 No README data
7 verbose readDependencies using package.json deps
8 verbose install where, deps [ '/home/dinesh/ionic-course/code',
8 verbose install   [ 'gulp',
8 verbose install     'gulp-sass',
8 verbose install     'gulp-concat',
8 verbose install     'gulp-minify-css',
8 verbose install     'gulp-rename',
8 verbose install     'bower',
8 verbose install     'gulp-util',
8 verbose install     'shelljs' ] ]
9 info preinstall songhop@1.0.0
10 verbose readDependencies using package.json deps
11 verbose cache add [ 'gulp-sass@^1.3.3', null ]
12 verbose cache add name=undefined spec="gulp-sass@^1.3.3" args=["gulp-sass@^1.3.3",null]
13 verbose parsed url { protocol: null,
13 verbose parsed url   slashes: null,
13 verbose parsed url   auth: null,
13 verbose parsed url   host: null,
13 verbose parsed url   port: null,
13 verbose parsed url   hostname: null,
13 verbose parsed url   hash: null,
13 verbose parsed url   search: null,
13 verbose parsed url   query: null,
13 verbose parsed url   pathname: 'gulp-sass@^1.3.3',
13 verbose parsed url   path: 'gulp-sass@^1.3.3',
13 verbose parsed url   href: 'gulp-sass@^1.3.3' }
14 verbose cache add [ 'gulp-concat@^2.5.2', null ]
15 verbose cache add name=undefined spec="gulp-concat@^2.5.2" args=["gulp-concat@^2.5.2",null]
16 verbose parsed url { protocol: null,
16 verbose parsed url   slashes: null,
16 verbose parsed url   auth: null,
16 verbose parsed url   host: null,
16 verbose parsed url   port: null,
16 verbose parsed url   hostname: null,
16 verbose parsed url   hash: null,
16 verbose parsed url   search: null,
16 verbose parsed url   query: null,
16 verbose parsed url   pathname: 'gulp-concat@^2.5.2',
16 verbose parsed url   path: 'gulp-concat@^2.5.2',
16 verbose parsed url   href: 'gulp-concat@^2.5.2' }
17 verbose cache add name="gulp-sass" spec="^1.3.3" args=["gulp-sass","^1.3.3"]
18 verbose parsed url { protocol: null,
18 verbose parsed url   slashes: null,
18 verbose parsed url   auth: null,
18 verbose parsed url   host: null,
18 verbose parsed url   port: null,
18 verbose parsed url   hostname: null,
18 verbose parsed url   hash: null,
18 verbose parsed url   search: null,
18 verbose parsed url   query: null,
18 verbose parsed url   pathname: '^1.3.3',
18 verbose parsed url   path: '^1.3.3',
18 verbose parsed url   href: '^1.3.3' }
19 verbose addNamed [ 'gulp-sass', '^1.3.3' ]
20 verbose addNamed [ null, '>=1.3.3-0 <2.0.0-0' ]
21 verbose cache add name="gulp-concat" spec="^2.5.2" args=["gulp-concat","^2.5.2"]
22 verbose parsed url { protocol: null,
22 verbose parsed url   slashes: null,
22 verbose parsed url   auth: null,
22 verbose parsed url   host: null,
22 verbose parsed url   port: null,
22 verbose parsed url   hostname: null,
22 verbose parsed url   hash: null,
22 verbose parsed url   search: null,
22 verbose parsed url   query: null,
22 verbose parsed url   pathname: '^2.5.2',
22 verbose parsed url   path: '^2.5.2',
22 verbose parsed url   href: '^2.5.2' }
23 verbose addNamed [ 'gulp-concat', '^2.5.2' ]
24 verbose addNamed [ null, '>=2.5.2-0 <3.0.0-0' ]
25 verbose cache add [ 'gulp-minify-css@^1.1.1', null ]
26 verbose cache add name=undefined spec="gulp-minify-css@^1.1.1" args=["gulp-minify-css@^1.1.1",null]
27 verbose parsed url { protocol: null,
27 verbose parsed url   slashes: null,
27 verbose parsed url   auth: null,
27 verbose parsed url   host: null,
27 verbose parsed url   port: null,
27 verbose parsed url   hostname: null,
27 verbose parsed url   hash: null,
27 verbose parsed url   search: null,
27 verbose parsed url   query: null,
27 verbose parsed url   pathname: 'gulp-minify-css@^1.1.1',
27 verbose parsed url   path: 'gulp-minify-css@^1.1.1',
27 verbose parsed url   href: 'gulp-minify-css@^1.1.1' }
28 verbose cache add [ 'gulp-rename@^1.2.2', null ]
29 verbose cache add name=undefined spec="gulp-rename@^1.2.2" args=["gulp-rename@^1.2.2",null]
30 verbose parsed url { protocol: null,
30 verbose parsed url   slashes: null,
30 verbose parsed url   auth: null,
30 verbose parsed url   host: null,
30 verbose parsed url   port: null,
30 verbose parsed url   hostname: null,
30 verbose parsed url   hash: null,
30 verbose parsed url   search: null,
30 verbose parsed url   query: null,
30 verbose parsed url   pathname: 'gulp-rename@^1.2.2',
30 verbose parsed url   path: 'gulp-rename@^1.2.2',
30 verbose parsed url   href: 'gulp-rename@^1.2.2' }
31 silly lockFile c5cae820-gulp-sass-1-3-3 gulp-sass@^1.3.3
32 verbose lock gulp-sass@^1.3.3 /home/dinesh/.npm/c5cae820-gulp-sass-1-3-3.lock
33 silly lockFile 60a235d6-gulp-concat-2-5-2 gulp-concat@^2.5.2
34 verbose lock gulp-concat@^2.5.2 /home/dinesh/.npm/60a235d6-gulp-concat-2-5-2.lock
35 verbose cache add name="gulp-minify-css" spec="^1.1.1" args=["gulp-minify-css","^1.1.1"]
36 verbose parsed url { protocol: null,
36 verbose parsed url   slashes: null,
36 verbose parsed url   auth: null,
36 verbose parsed url   host: null,
36 verbose parsed url   port: null,
36 verbose parsed url   hostname: null,
36 verbose parsed url   hash: null,
36 verbose parsed url   search: null,
36 verbose parsed url   query: null,
36 verbose parsed url   pathname: '^1.1.1',
36 verbose parsed url   path: '^1.1.1',
36 verbose parsed url   href: '^1.1.1' }
37 verbose addNamed [ 'gulp-minify-css', '^1.1.1' ]
38 verbose addNamed [ null, '>=1.1.1-0 <2.0.0-0' ]
39 silly lockFile 36a30f0c-gulp-minify-css-1-1-1 gulp-minify-css@^1.1.1
40 verbose lock gulp-minify-css@^1.1.1 /home/dinesh/.npm/36a30f0c-gulp-minify-css-1-1-1.lock
41 verbose cache add [ 'bower@^1.4.1', null ]
42 verbose cache add name=undefined spec="bower@^1.4.1" args=["bower@^1.4.1",null]
43 verbose parsed url { protocol: null,
43 verbose parsed url   slashes: null,
43 verbose parsed url   auth: null,
43 verbose parsed url   host: null,
43 verbose parsed url   port: null,
43 verbose parsed url   hostname: null,
43 verbose parsed url   hash: null,
43 verbose parsed url   search: null,
43 verbose parsed url   query: null,
43 verbose parsed url   pathname: 'bower@^1.4.1',
43 verbose parsed url   path: 'bower@^1.4.1',
43 verbose parsed url   href: 'bower@^1.4.1' }
44 verbose cache add [ 'gulp-util@^3.0.4', null ]
45 verbose cache add name=undefined spec="gulp-util@^3.0.4" args=["gulp-util@^3.0.4",null]
46 verbose parsed url { protocol: null,
46 verbose parsed url   slashes: null,
46 verbose parsed url   auth: null,
46 verbose parsed url   host: null,
46 verbose parsed url   port: null,
46 verbose parsed url   hostname: null,
46 verbose parsed url   hash: null,
46 verbose parsed url   search: null,
46 verbose parsed url   query: null,
46 verbose parsed url   pathname: 'gulp-util@^3.0.4',
46 verbose parsed url   path: 'gulp-util@^3.0.4',
46 verbose parsed url   href: 'gulp-util@^3.0.4' }
47 verbose cache add [ 'shelljs@^0.4.0', null ]
48 verbose cache add name=undefined spec="shelljs@^0.4.0" args=["shelljs@^0.4.0",null]
49 verbose parsed url { protocol: null,
49 verbose parsed url   slashes: null,
49 verbose parsed url   auth: null,
49 verbose parsed url   host: null,
49 verbose parsed url   port: null,
49 verbose parsed url   hostname: null,
49 verbose parsed url   hash: null,
49 verbose parsed url   search: null,
49 verbose parsed url   query: null,
49 verbose parsed url   pathname: 'shelljs@^0.4.0',
49 verbose parsed url   path: 'shelljs@^0.4.0',
49 verbose parsed url   href: 'shelljs@^0.4.0' }
50 verbose cache add name="gulp-rename" spec="^1.2.2" args=["gulp-rename","^1.2.2"]
51 verbose parsed url { protocol: null,
51 verbose parsed url   slashes: null,
51 verbose parsed url   auth: null,
51 verbose parsed url   host: null,
51 verbose parsed url   port: null,
51 verbose parsed url   hostname: null,
51 verbose parsed url   hash: null,
51 verbose parsed url   search: null,
51 verbose parsed url   query: null,
51 verbose parsed url   pathname: '^1.2.2',
51 verbose parsed url   path: '^1.2.2',
51 verbose parsed url   href: '^1.2.2' }
52 verbose addNamed [ 'gulp-rename', '^1.2.2' ]
53 verbose addNamed [ null, '>=1.2.2-0 <2.0.0-0' ]
54 silly lockFile 1035ba1c-gulp-rename-1-2-2 gulp-rename@^1.2.2
55 verbose lock gulp-rename@^1.2.2 /home/dinesh/.npm/1035ba1c-gulp-rename-1-2-2.lock
56 verbose cache add name="bower" spec="^1.4.1" args=["bower","^1.4.1"]
57 verbose parsed url { protocol: null,
57 verbose parsed url   slashes: null,
57 verbose parsed url   auth: null,
57 verbose parsed url   host: null,
57 verbose parsed url   port: null,
57 verbose parsed url   hostname: null,
57 verbose parsed url   hash: null,
57 verbose parsed url   search: null,
57 verbose parsed url   query: null,
57 verbose parsed url   pathname: '^1.4.1',
57 verbose parsed url   path: '^1.4.1',
57 verbose parsed url   href: '^1.4.1' }
58 verbose addNamed [ 'bower', '^1.4.1' ]
59 verbose addNamed [ null, '>=1.4.1-0 <2.0.0-0' ]
60 silly lockFile 36ad5ec1-bower-1-4-1 bower@^1.4.1
61 verbose lock bower@^1.4.1 /home/dinesh/.npm/36ad5ec1-bower-1-4-1.lock
62 verbose cache add name="gulp-util" spec="^3.0.4" args=["gulp-util","^3.0.4"]
63 verbose parsed url { protocol: null,
63 verbose parsed url   slashes: null,
63 verbose parsed url   auth: null,
63 verbose parsed url   host: null,
63 verbose parsed url   port: null,
63 verbose parsed url   hostname: null,
63 verbose parsed url   hash: null,
63 verbose parsed url   search: null,
63 verbose parsed url   query: null,
63 verbose parsed url   pathname: '^3.0.4',
63 verbose parsed url   path: '^3.0.4',
63 verbose parsed url   href: '^3.0.4' }
64 verbose addNamed [ 'gulp-util', '^3.0.4' ]
65 verbose addNamed [ null, '>=3.0.4-0 <4.0.0-0' ]
66 silly lockFile f8ceac1d-gulp-util-3-0-4 gulp-util@^3.0.4
67 verbose lock gulp-util@^3.0.4 /home/dinesh/.npm/f8ceac1d-gulp-util-3-0-4.lock
68 verbose cache add name="shelljs" spec="^0.4.0" args=["shelljs","^0.4.0"]
69 verbose parsed url { protocol: null,
69 verbose parsed url   slashes: null,
69 verbose parsed url   auth: null,
69 verbose parsed url   host: null,
69 verbose parsed url   port: null,
69 verbose parsed url   hostname: null,
69 verbose parsed url   hash: null,
69 verbose parsed url   search: null,
69 verbose parsed url   query: null,
69 verbose parsed url   pathname: '^0.4.0',
69 verbose parsed url   path: '^0.4.0',
69 verbose parsed url   href: '^0.4.0' }
70 verbose addNamed [ 'shelljs', '^0.4.0' ]
71 verbose addNamed [ null, '>=0.4.0-0 <0.5.0-0' ]
72 silly lockFile f5b3e9e0-shelljs-0-4-0 shelljs@^0.4.0
73 verbose lock shelljs@^0.4.0 /home/dinesh/.npm/f5b3e9e0-shelljs-0-4-0.lock
74 verbose cache add [ 'gulp@^3.8.11', null ]
75 verbose cache add name=undefined spec="gulp@^3.8.11" args=["gulp@^3.8.11",null]
76 verbose parsed url { protocol: null,
76 verbose parsed url   slashes: null,
76 verbose parsed url   auth: null,
76 verbose parsed url   host: null,
76 verbose parsed url   port: null,
76 verbose parsed url   hostname: null,
76 verbose parsed url   hash: null,
76 verbose parsed url   search: null,
76 verbose parsed url   query: null,
76 verbose parsed url   pathname: 'gulp@^3.8.11',
76 verbose parsed url   path: 'gulp@^3.8.11',
76 verbose parsed url   href: 'gulp@^3.8.11' }
77 silly addNameRange { name: 'gulp-sass',
77 silly addNameRange   range: '>=1.3.3-0 <2.0.0-0',
77 silly addNameRange   hasData: false }
78 silly addNameRange { name: 'gulp-concat',
78 silly addNameRange   range: '>=2.5.2-0 <3.0.0-0',
78 silly addNameRange   hasData: false }
79 silly addNameRange { name: 'gulp-minify-css',
79 silly addNameRange   range: '>=1.1.1-0 <2.0.0-0',
79 silly addNameRange   hasData: false }
80 verbose cache add name="gulp" spec="^3.8.11" args=["gulp","^3.8.11"]
81 verbose parsed url { protocol: null,
81 verbose parsed url   slashes: null,
81 verbose parsed url   auth: null,
81 verbose parsed url   host: null,
81 verbose parsed url   port: null,
81 verbose parsed url   hostname: null,
81 verbose parsed url   hash: null,
81 verbose parsed url   search: null,
81 verbose parsed url   query: null,
81 verbose parsed url   pathname: '^3.8.11',
81 verbose parsed url   path: '^3.8.11',
81 verbose parsed url   href: '^3.8.11' }
82 verbose addNamed [ 'gulp', '^3.8.11' ]
83 verbose addNamed [ null, '>=3.8.11-0 <4.0.0-0' ]
84 silly lockFile 3156ea88-gulp-3-8-11 gulp@^3.8.11
85 verbose lock gulp@^3.8.11 /home/dinesh/.npm/3156ea88-gulp-3-8-11.lock
86 silly addNameRange { name: 'gulp-rename',
86 silly addNameRange   range: '>=1.2.2-0 <2.0.0-0',
86 silly addNameRange   hasData: false }
87 silly addNameRange { name: 'bower', range: '>=1.4.1-0 <2.0.0-0', hasData: false }
88 silly addNameRange { name: 'gulp-util',
88 silly addNameRange   range: '>=3.0.4-0 <4.0.0-0',
88 silly addNameRange   hasData: false }
89 silly addNameRange { name: 'shelljs', range: '>=0.4.0-0 <0.5.0-0', hasData: false }
90 silly addNameRange { name: 'gulp', range: '>=3.8.11-0 <4.0.0-0', hasData: false }
91 verbose registry.get https://registry.npmjs.org/gulp-sass not expired, no request
92 silly addNameRange number 2 { name: 'gulp-sass', range: '>=1.3.3-0 <2.0.0-0', hasData: true }
93 silly addNameRange versions [ 'gulp-sass',
93 silly addNameRange   [ '0.1.0',
93 silly addNameRange     '0.2.1',
93 silly addNameRange     '0.2.2',
93 silly addNameRange     '0.2.3',
93 silly addNameRange     '0.3.0',
93 silly addNameRange     '0.4.0',
93 silly addNameRange     '0.4.1',
93 silly addNameRange     '0.5.0',
93 silly addNameRange     '0.5.1',
93 silly addNameRange     '0.5.2',
93 silly addNameRange     '0.6.0',
93 silly addNameRange     '0.7.0',
93 silly addNameRange     '0.7.1',
93 silly addNameRange     '0.7.2',
93 silly addNameRange     '0.7.3',
93 silly addNameRange     '1.0.0',
93 silly addNameRange     '1.1.0',
93 silly addNameRange     '1.2.0',
93 silly addNameRange     '1.2.1',
93 silly addNameRange     '1.2.2',
93 silly addNameRange     '1.2.3',
93 silly addNameRange     '1.2.4',
93 silly addNameRange     '1.3.0',
93 silly addNameRange     '1.3.1',
93 silly addNameRange     '1.3.2',
93 silly addNameRange     '1.3.3',
93 silly addNameRange     '2.0.0-alpha.1',
93 silly addNameRange     '2.0.0',
93 silly addNameRange     '2.0.1' ] ]
94 verbose addNamed [ 'gulp-sass', '1.3.3' ]
95 verbose addNamed [ '1.3.3', '1.3.3' ]
96 silly lockFile bd3023a4-gulp-sass-1-3-3 gulp-sass@1.3.3
97 verbose lock gulp-sass@1.3.3 /home/dinesh/.npm/bd3023a4-gulp-sass-1-3-3.lock
98 verbose registry.get https://registry.npmjs.org/gulp-minify-css not expired, no request
99 silly addNameRange number 2 { name: 'gulp-minify-css',
99 silly addNameRange   range: '>=1.1.1-0 <2.0.0-0',
99 silly addNameRange   hasData: true }
100 silly addNameRange versions [ 'gulp-minify-css',
100 silly addNameRange   [ '0.0.1',
100 silly addNameRange     '0.1.0',
100 silly addNameRange     '0.2.0',
100 silly addNameRange     '0.3.0',
100 silly addNameRange     '0.3.1',
100 silly addNameRange     '0.3.2',
100 silly addNameRange     '0.3.3',
100 silly addNameRange     '0.3.4',
100 silly addNameRange     '0.3.5',
100 silly addNameRange     '0.3.6',
100 silly addNameRange     '0.3.7',
100 silly addNameRange     '0.3.8',
100 silly addNameRange     '0.3.9',
100 silly addNameRange     '0.3.10',
100 silly addNameRange     '0.3.11',
100 silly addNameRange     '0.3.12',
100 silly addNameRange     '0.3.13',
100 silly addNameRange     '0.4.0',
100 silly addNameRange     '0.4.1',
100 silly addNameRange     '0.4.2',
100 silly addNameRange     '0.4.3',
100 silly addNameRange     '0.4.4',
100 silly addNameRange     '0.4.5',
100 silly addNameRange     '0.4.6',
100 silly addNameRange     '0.5.0',
100 silly addNameRange     '0.5.1',
100 silly addNameRange     '1.0.0',
100 silly addNameRange     '1.1.0',
100 silly addNameRange     '1.1.1',
100 silly addNameRange     '1.1.2',
100 silly addNameRange     '1.1.2-1',
100 silly addNameRange     '1.1.3',
100 silly addNameRange     '1.1.4',
100 silly addNameRange     '1.1.5',
100 silly addNameRange     '1.1.6' ] ]
101 verbose addNamed [ 'gulp-minify-css', '1.1.6' ]
102 verbose addNamed [ '1.1.6', '1.1.6' ]
103 silly lockFile 2c51ff3d-gulp-minify-css-1-1-6 gulp-minify-css@1.1.6
104 verbose lock gulp-minify-css@1.1.6 /home/dinesh/.npm/2c51ff3d-gulp-minify-css-1-1-6.lock
105 verbose registry.get https://registry.npmjs.org/gulp-concat not expired, no request
106 silly addNameRange number 2 { name: 'gulp-concat',
106 silly addNameRange   range: '>=2.5.2-0 <3.0.0-0',
106 silly addNameRange   hasData: true }
107 silly addNameRange versions [ 'gulp-concat',
107 silly addNameRange   [ '0.0.1',
107 silly addNameRange     '1.0.0',
107 silly addNameRange     '1.1.0',
107 silly addNameRange     '2.0.0',
107 silly addNameRange     '2.1.0',
107 silly addNameRange     '2.1.1',
107 silly addNameRange     '2.1.2',
107 silly addNameRange     '2.1.3',
107 silly addNameRange     '2.1.4',
107 silly addNameRange     '2.1.5',
107 silly addNameRange     '2.1.6',
107 silly addNameRange     '2.1.7',
107 silly addNameRange     '2.2.0',
107 silly addNameRange     '2.3.0',
107 silly addNameRange     '2.3.3',
107 silly addNameRange     '2.3.4',
107 silly addNameRange     '2.3.5',
107 silly addNameRange     '2.4.0',
107 silly addNameRange     '2.4.1',
107 silly addNameRange     '2.4.2',
107 silly addNameRange     '2.4.3',
107 silly addNameRange     '2.5.0',
107 silly addNameRange     '2.5.1',
107 silly addNameRange     '2.5.2' ] ]
108 verbose addNamed [ 'gulp-concat', '2.5.2' ]
109 verbose addNamed [ '2.5.2', '2.5.2' ]
110 silly lockFile f86cbda2-gulp-concat-2-5-2 gulp-concat@2.5.2
111 verbose lock gulp-concat@2.5.2 /home/dinesh/.npm/f86cbda2-gulp-concat-2-5-2.lock
112 verbose registry.get https://registry.npmjs.org/gulp-rename not expired, no request
113 silly addNameRange number 2 { name: 'gulp-rename',
113 silly addNameRange   range: '>=1.2.2-0 <2.0.0-0',
113 silly addNameRange   hasData: true }
114 silly addNameRange versions [ 'gulp-rename',
114 silly addNameRange   [ '0.1.0', '0.2.1', '0.2.2', '1.0.0', '1.1.0', '1.2.0', '1.2.2' ] ]
115 verbose addNamed [ 'gulp-rename', '1.2.2' ]
116 verbose addNamed [ '1.2.2', '1.2.2' ]
117 silly lockFile 36a270fc-gulp-rename-1-2-2 gulp-rename@1.2.2
118 verbose lock gulp-rename@1.2.2 /home/dinesh/.npm/36a270fc-gulp-rename-1-2-2.lock
119 verbose registry.get https://registry.npmjs.org/bower not expired, no request
120 silly addNameRange number 2 { name: 'bower', range: '>=1.4.1-0 <2.0.0-0', hasData: true }
121 silly addNameRange versions [ 'bower',
121 silly addNameRange   [ '0.1.0',
121 silly addNameRange     '0.1.2',
121 silly addNameRange     '0.1.3',
121 silly addNameRange     '0.2.0',
121 silly addNameRange     '0.3.0',
121 silly addNameRange     '0.3.1',
121 silly addNameRange     '0.3.2',
121 silly addNameRange     '0.4.0',
121 silly addNameRange     '0.5.0',
121 silly addNameRange     '0.5.1',
121 silly addNameRange     '0.6.0',
121 silly addNameRange     '0.6.1',
121 silly addNameRange     '0.6.2',
121 silly addNameRange     '0.6.3',
121 silly addNameRange     '0.6.4',
121 silly addNameRange     '0.6.5',
121 silly addNameRange     '0.6.6',
121 silly addNameRange     '0.6.7',
121 silly addNameRange     '0.6.8',
121 silly addNameRange     '0.7.0',
121 silly addNameRange     '0.7.1',
121 silly addNameRange     '0.8.0',
121 silly addNameRange     '0.8.1',
121 silly addNameRange     '0.8.2',
121 silly addNameRange     '0.8.3',
121 silly addNameRange     '0.8.4',
121 silly addNameRange     '0.8.5',
121 silly addNameRange     '0.8.6',
121 silly addNameRange     '0.9.0',
121 silly addNameRange     '0.9.1',
121 silly addNameRange     '0.9.2',
121 silly addNameRange     '0.10.0',
121 silly addNameRange     '1.0.0',
121 silly addNameRange     '1.0.1',
121 silly addNameRange     '1.0.2',
121 silly addNameRange     '1.0.3',
121 silly addNameRange     '1.1.0',
121 silly addNameRange     '1.1.1',
121 silly addNameRange     '1.1.2',
121 silly addNameRange     '1.2.0',
121 silly addNameRange     '1.2.1',
121 silly addNameRange     '1.2.2',
121 silly addNameRange     '1.2.3',
121 silly addNameRange     '1.2.4',
121 silly addNameRange     '1.2.5',
121 silly addNameRange     '1.2.6',
121 silly addNameRange     '1.2.7',
121 silly addNameRange     '1.2.8',
121 silly addNameRange     '1.3.0',
121 silly addNameRange     '1.3.1',
121 silly addNameRange     '1.3.2',
121 silly addNameRange     '1.3.3',
121 silly addNameRange     '1.3.4',
121 silly addNameRange     '1.3.5',
121 silly addNameRange     '1.3.6',
121 silly addNameRange     '1.3.7',
121 silly addNameRange     '1.3.8',
121 silly addNameRange     '1.3.9',
121 silly addNameRange     '1.3.10',
121 silly addNameRange     '1.3.11',
121 silly addNameRange     '1.3.12',
121 silly addNameRange     '1.4.0',
121 silly addNameRange     '1.4.1' ] ]
122 verbose addNamed [ 'bower', '1.4.1' ]
123 verbose addNamed [ '1.4.1', '1.4.1' ]
124 silly lockFile 185f46c0-bower-1-4-1 bower@1.4.1
125 verbose lock bower@1.4.1 /home/dinesh/.npm/185f46c0-bower-1-4-1.lock
126 verbose registry.get https://registry.npmjs.org/gulp-util not expired, no request
127 silly addNameRange number 2 { name: 'gulp-util', range: '>=3.0.4-0 <4.0.0-0', hasData: true }
128 silly addNameRange versions [ 'gulp-util',
128 silly addNameRange   [ '0.0.1',
128 silly addNameRange     '1.0.0',
128 silly addNameRange     '1.1.0',
128 silly addNameRange     '1.1.1',
128 silly addNameRange     '1.2.0',
128 silly addNameRange     '1.3.0',
128 silly addNameRange     '2.0.0',
128 silly addNameRange     '2.1.1',
128 silly addNameRange     '2.1.2',
128 silly addNameRange     '2.1.3',
128 silly addNameRange     '2.1.4',
128 silly addNameRange     '2.2.0',
128 silly addNameRange     '2.2.1',
128 silly addNameRange     '2.2.2',
128 silly addNameRange     '2.2.3',
128 silly addNameRange     '2.2.5',
128 silly addNameRange     '2.2.6',
128 silly addNameRange     '2.2.7',
128 silly addNameRange     '2.2.8',
128 silly addNameRange     '2.2.9',
128 silly addNameRange     '2.2.10',
128 silly addNameRange     '2.2.11',
128 silly addNameRange     '2.2.12',
128 silly addNameRange     '2.2.13',
128 silly addNameRange     '2.2.14',
128 silly addNameRange     '2.2.15',
128 silly addNameRange     '2.2.16',
128 silly addNameRange     '2.2.17',
128 silly addNameRange     '2.2.18',
128 silly addNameRange     '2.2.19',
128 silly addNameRange     '2.2.20',
128 silly addNameRange     '3.0.0',
128 silly addNameRange     '3.0.1',
128 silly addNameRange     '3.0.2',
128 silly addNameRange     '3.0.3',
128 silly addNameRange     '3.0.4',
128 silly addNameRange     '3.0.5' ] ]
129 verbose addNamed [ 'gulp-util', '3.0.5' ]
130 verbose addNamed [ '3.0.5', '3.0.5' ]
131 silly lockFile 7e810962-gulp-util-3-0-5 gulp-util@3.0.5
132 verbose lock gulp-util@3.0.5 /home/dinesh/.npm/7e810962-gulp-util-3-0-5.lock
133 verbose registry.get https://registry.npmjs.org/shelljs not expired, no request
134 silly addNameRange number 2 { name: 'shelljs', range: '>=0.4.0-0 <0.5.0-0', hasData: true }
135 silly addNameRange versions [ 'shelljs',
135 silly addNameRange   [ '0.0.1',
135 silly addNameRange     '0.0.2',
135 silly addNameRange     '0.0.3',
135 silly addNameRange     '0.0.4',
135 silly addNameRange     '0.0.5',
135 silly addNameRange     '0.0.6',
135 silly addNameRange     '0.0.7',
135 silly addNameRange     '0.0.8',
135 silly addNameRange     '0.0.9',
135 silly addNameRange     '0.1.0',
135 silly addNameRange     '0.1.1',
135 silly addNameRange     '0.1.2',
135 silly addNameRange     '0.1.3',
135 silly addNameRange     '0.1.4',
135 silly addNameRange     '0.2.0',
135 silly addNameRange     '0.2.1',
135 silly addNameRange     '0.2.2',
135 silly addNameRange     '0.2.3',
135 silly addNameRange     '0.2.4',
135 silly addNameRange     '0.2.5',
135 silly addNameRange     '0.2.6',
135 silly addNameRange     '0.3.0',
135 silly addNameRange     '0.4.0',
135 silly addNameRange     '0.5.0',
135 silly addNameRange     '0.5.1',
135 silly addNameRange     '0.0.1-alpha1',
135 silly addNameRange     '0.0.2-pre1',
135 silly addNameRange     '0.0.4-pre1',
135 silly addNameRange     '0.0.5-pre1',
135 silly addNameRange     '0.0.5-pre2',
135 silly addNameRange     '0.0.5-pre3',
135 silly addNameRange     '0.0.5-pre4',
135 silly addNameRange     '0.0.6-pre1',
135 silly addNameRange     '0.0.6-pre2' ] ]
136 verbose addNamed [ 'shelljs', '0.4.0' ]
137 verbose addNamed [ '0.4.0', '0.4.0' ]
138 silly lockFile 4eefcf44-shelljs-0-4-0 shelljs@0.4.0
139 verbose lock shelljs@0.4.0 /home/dinesh/.npm/4eefcf44-shelljs-0-4-0.lock
140 verbose registry.get https://registry.npmjs.org/gulp not expired, no request
141 silly addNameRange number 2 { name: 'gulp', range: '>=3.8.11-0 <4.0.0-0', hasData: true }
142 silly addNameRange versions [ 'gulp',
142 silly addNameRange   [ '0.0.1',
142 silly addNameRange     '0.0.2',
142 silly addNameRange     '0.0.3',
142 silly addNameRange     '0.0.4',
142 silly addNameRange     '0.0.5',
142 silly addNameRange     '0.0.7',
142 silly addNameRange     '0.0.8',
142 silly addNameRange     '0.0.9',
142 silly addNameRange     '0.1.0',
142 silly addNameRange     '0.2.0',
142 silly addNameRange     '1.0.0',
142 silly addNameRange     '1.1.0',
142 silly addNameRange     '1.2.0',
142 silly addNameRange     '1.2.1',
142 silly addNameRange     '2.0.0',
142 silly addNameRange     '2.0.1',
142 silly addNameRange     '2.1.0',
142 silly addNameRange     '2.2.0',
142 silly addNameRange     '2.3.0',
142 silly addNameRange     '2.4.0',
142 silly addNameRange     '2.4.1',
142 silly addNameRange     '2.6.0',
142 silly addNameRange     '2.6.1',
142 silly addNameRange     '2.7.0',
142 silly addNameRange     '3.0.0',
142 silly addNameRange     '3.1.1',
142 silly addNameRange     '3.1.2',
142 silly addNameRange     '3.1.3',
142 silly addNameRange     '3.1.4',
142 silly addNameRange     '3.2.0',
142 silly addNameRange     '3.2.1',
142 silly addNameRange     '3.2.2',
142 silly addNameRange     '3.2.3',
142 silly addNameRange     '3.2.4',
142 silly addNameRange     '3.2.5',
142 silly addNameRange     '3.3.0',
142 silly addNameRange     '3.3.1',
142 silly addNameRange     '3.3.2',
142 silly addNameRange     '3.3.4',
142 silly addNameRange     '3.4.0',
142 silly addNameRange     '3.5.0',
142 silly addNameRange     '3.5.1',
142 silly addNameRange     '3.5.2',
142 silly addNameRange     '3.5.5',
142 silly addNameRange     '3.5.6',
142 silly addNameRange     '3.6.0',
142 silly addNameRange     '3.6.1',
142 silly addNameRange     '3.6.2',
142 silly addNameRange     '3.7.0',
142 silly addNameRange     '3.8.0',
142 silly addNameRange     '3.8.1',
142 silly addNameRange     '3.8.2',
142 silly addNameRange     '3.8.3',
142 silly addNameRange     '3.8.4',
142 silly addNameRange     '3.8.5',
142 silly addNameRange     '3.8.6',
142 silly addNameRange     '3.8.7',
142 silly addNameRange     '3.8.8',
142 silly addNameRange     '3.8.9',
142 silly addNameRange     '3.8.10',
142 silly addNameRange     '3.8.11',
142 silly addNameRange     '3.9.0' ] ]
143 verbose addNamed [ 'gulp', '3.9.0' ]
144 verbose addNamed [ '3.9.0', '3.9.0' ]
145 silly lockFile c2697a61-gulp-3-9-0 gulp@3.9.0
146 verbose lock gulp@3.9.0 /home/dinesh/.npm/c2697a61-gulp-3-9-0.lock
147 silly lockFile 48adf90c-js-org-shelljs-shelljs-0-4-0-tgz https://registry.npmjs.org/shelljs/-/shelljs-0.4.0.tgz
148 verbose lock https://registry.npmjs.org/shelljs/-/shelljs-0.4.0.tgz /home/dinesh/.npm/48adf90c-js-org-shelljs-shelljs-0-4-0-tgz.lock
149 silly lockFile af4766b8-ry-npmjs-org-gulp-gulp-3-9-0-tgz https://registry.npmjs.org/gulp/-/gulp-3.9.0.tgz
150 verbose lock https://registry.npmjs.org/gulp/-/gulp-3.9.0.tgz /home/dinesh/.npm/af4766b8-ry-npmjs-org-gulp-gulp-3-9-0-tgz.lock
151 verbose addRemoteTarball [ 'https://registry.npmjs.org/shelljs/-/shelljs-0.4.0.tgz',
151 verbose addRemoteTarball   '199fe9e2de379efd03d345ff14062525e4b31ec2' ]
152 silly lockFile bd3023a4-gulp-sass-1-3-3 gulp-sass@1.3.3
153 silly lockFile bd3023a4-gulp-sass-1-3-3 gulp-sass@1.3.3
154 silly lockFile 2c51ff3d-gulp-minify-css-1-1-6 gulp-minify-css@1.1.6
155 silly lockFile 2c51ff3d-gulp-minify-css-1-1-6 gulp-minify-css@1.1.6
156 verbose addRemoteTarball [ 'https://registry.npmjs.org/gulp/-/gulp-3.9.0.tgz',
156 verbose addRemoteTarball   'cf1fba4cb558bb8c6ae6c9613f583ae2620d214a' ]
157 silly lockFile f86cbda2-gulp-concat-2-5-2 gulp-concat@2.5.2
158 silly lockFile f86cbda2-gulp-concat-2-5-2 gulp-concat@2.5.2
159 silly lockFile 36a270fc-gulp-rename-1-2-2 gulp-rename@1.2.2
160 silly lockFile 36a270fc-gulp-rename-1-2-2 gulp-rename@1.2.2
161 silly lockFile c5cae820-gulp-sass-1-3-3 gulp-sass@^1.3.3
162 silly lockFile c5cae820-gulp-sass-1-3-3 gulp-sass@^1.3.3
163 silly lockFile 36a30f0c-gulp-minify-css-1-1-1 gulp-minify-css@^1.1.1
164 silly lockFile 36a30f0c-gulp-minify-css-1-1-1 gulp-minify-css@^1.1.1
165 silly lockFile 7e810962-gulp-util-3-0-5 gulp-util@3.0.5
166 silly lockFile 7e810962-gulp-util-3-0-5 gulp-util@3.0.5
167 silly lockFile 60a235d6-gulp-concat-2-5-2 gulp-concat@^2.5.2
168 silly lockFile 60a235d6-gulp-concat-2-5-2 gulp-concat@^2.5.2
169 silly lockFile 185f46c0-bower-1-4-1 bower@1.4.1
170 silly lockFile 185f46c0-bower-1-4-1 bower@1.4.1
171 silly lockFile 1035ba1c-gulp-rename-1-2-2 gulp-rename@^1.2.2
172 silly lockFile 1035ba1c-gulp-rename-1-2-2 gulp-rename@^1.2.2
173 silly lockFile f8ceac1d-gulp-util-3-0-4 gulp-util@^3.0.4
174 silly lockFile f8ceac1d-gulp-util-3-0-4 gulp-util@^3.0.4
175 silly lockFile 36ad5ec1-bower-1-4-1 bower@^1.4.1
176 silly lockFile 36ad5ec1-bower-1-4-1 bower@^1.4.1
177 info retry fetch attempt 1 at 15:17:58
178 verbose fetch to= /tmp/npm-8932-bS4xN1aH/registry.npmjs.org/gulp/-/gulp-3.9.0.tgz
179 info retry fetch attempt 1 at 15:17:58
180 verbose fetch to= /tmp/npm-8932-bS4xN1aH/registry.npmjs.org/shelljs/-/shelljs-0.4.0.tgz
181 http GET https://registry.npmjs.org/gulp/-/gulp-3.9.0.tgz
182 http GET https://registry.npmjs.org/shelljs/-/shelljs-0.4.0.tgz
183 http 200 https://registry.npmjs.org/gulp/-/gulp-3.9.0.tgz
184 silly lockFile af4766b8-ry-npmjs-org-gulp-gulp-3-9-0-tgz https://registry.npmjs.org/gulp/-/gulp-3.9.0.tgz
185 silly lockFile af4766b8-ry-npmjs-org-gulp-gulp-3-9-0-tgz https://registry.npmjs.org/gulp/-/gulp-3.9.0.tgz
186 silly lockFile c2697a61-gulp-3-9-0 gulp@3.9.0
187 silly lockFile c2697a61-gulp-3-9-0 gulp@3.9.0
188 silly lockFile 3156ea88-gulp-3-8-11 gulp@^3.8.11
189 silly lockFile 3156ea88-gulp-3-8-11 gulp@^3.8.11
190 http 200 https://registry.npmjs.org/shelljs/-/shelljs-0.4.0.tgz
191 silly lockFile 48adf90c-js-org-shelljs-shelljs-0-4-0-tgz https://registry.npmjs.org/shelljs/-/shelljs-0.4.0.tgz
192 silly lockFile 48adf90c-js-org-shelljs-shelljs-0-4-0-tgz https://registry.npmjs.org/shelljs/-/shelljs-0.4.0.tgz
193 silly lockFile 4eefcf44-shelljs-0-4-0 shelljs@0.4.0
194 silly lockFile 4eefcf44-shelljs-0-4-0 shelljs@0.4.0
195 silly lockFile f5b3e9e0-shelljs-0-4-0 shelljs@^0.4.0
196 silly lockFile f5b3e9e0-shelljs-0-4-0 shelljs@^0.4.0
197 error Error: EACCES, mkdir '/home/dinesh/.npm/gulp/3.9.0'
197 error  { [Error: EACCES, mkdir '/home/dinesh/.npm/gulp/3.9.0']
197 error   errno: 3,
197 error   code: 'EACCES',
197 error   path: '/home/dinesh/.npm/gulp/3.9.0',
197 error   parent: 'songhop' }
198 error Please try running this command again as root/Administrator.
199 error System Linux 3.19.0-18-generic
200 error command "/usr/bin/node" "/usr/bin/npm" "install"
201 error cwd /home/dinesh/ionic-course/code
202 error node -v v0.10.38
203 error npm -v 1.4.28
204 error path /home/dinesh/.npm/gulp/3.9.0
205 error code EACCES
206 error errno 3
207 error stack Error: EACCES, mkdir '/home/dinesh/.npm/gulp/3.9.0'
208 verbose exit [ 3, true ]
